c:\users\instantae\desktop\dev\projectlife\ple\debug\vc140.pdb
c:\users\instantae\desktop\dev\projectlife\ple\debug\vc140.idb
c:\users\instantae\desktop\dev\projectlife\ple\debug\dllmain.obj
w:\ple\debug\vc140.pdb
w:\ple\debug\vc140.idb
w:\ple\debug\dllmain.obj
w:\debug\ple.ilk
w:\debug\ple.dll
w:\debug\ple.pdb
c:\users\instantae\desktop\dev\projectlife\debug\ple.ilk
c:\users\instantae\desktop\dev\projectlife\debug\ple.dll
c:\users\instantae\desktop\dev\projectlife\debug\ple.pdb
c:\users\instantae\desktop\dev\projectlife\debug\ple.lib
c:\users\instantae\desktop\dev\projectlife\debug\ple.exp
w:\debug\ple.lib
w:\debug\ple.exp
c:\users\instantae\desktop\dev\projectlife\ple\debug\ple.tlog\cl.command.1.tlog
c:\users\instantae\desktop\dev\projectlife\ple\debug\ple.tlog\cl.read.1.tlog
c:\users\instantae\desktop\dev\projectlife\ple\debug\ple.tlog\cl.write.1.tlog
c:\users\instantae\desktop\dev\projectlife\ple\debug\ple.tlog\link.command.1.tlog
c:\users\instantae\desktop\dev\projectlife\ple\debug\ple.tlog\link.read.1.tlog
c:\users\instantae\desktop\dev\projectlife\ple\debug\ple.tlog\link.write.1.tlog
c:\users\instantae\desktop\dev\projectlife\ple\debug\ple.tlog\ple.write.1u.tlog
